<?xml version="1.0" encoding="UTF-8"?>
<!-- Generated by org.testng.reporters.JUnitReportReporter -->
<testsuite skipped="0" hostname="Yaroslavs-MacBook-Air.local" name="VerifyTitle" tests="1" failures="0" timestamp="21 Nov 2017 00:52:03 GMT" time="12.336" errors="0">
  <testcase name="test_01" time="12.336" classname="VerifyTitle"/>
</testsuite> <!-- VerifyTitle -->
