<?xml version="1.0" encoding="UTF-8"?>
<!-- Generated by org.testng.reporters.JUnitReportReporter -->
<testsuite skipped="0" hostname="Yaroslavs-MacBook-Air.local" name="VerifyTitle" tests="1" failures="0" timestamp="21 Nov 2017 01:45:45 GMT" time="9.039" errors="0">
  <testcase name="test_01" time="9.039" classname="VerifyTitle"/>
</testsuite> <!-- VerifyTitle -->
